{"/Users/amormiovelasquez/Desktop/cses_dev/lims-lab-inventory/app/api/listings/route.ts": {"path":"/Users/amormiovelasquez/Desktop/cses_dev/lims-lab-inventory/app/api/listings/route.ts","statementMap":{"0":{"start":{"line":116,"column":9},"end":{"line":116,"column":12}},"1":{"start":{"line":116,"column":14},"end":{"line":116,"column":18}},"2":{"start":{"line":1,"column":0},"end":{"line":1,"column":43}},"3":{"start":{"line":2,"column":0},"end":{"line":2,"column":51}},"4":{"start":{"line":3,"column":0},"end":{"line":3,"column":24}},"5":{"start":{"line":4,"column":0},"end":{"line":4,"column":79}},"6":{"start":{"line":7,"column":32},"end":{"line":12,"column":2}},"7":{"start":{"line":21,"column":2},"end":{"line":28,"column":3}},"8":{"start":{"line":22,"column":4},"end":{"line":22,"column":30}},"9":{"start":{"line":24,"column":4},"end":{"line":27,"column":6}},"10":{"start":{"line":30,"column":27},"end":{"line":30,"column":47}},"11":{"start":{"line":31,"column":16},"end":{"line":31,"column":54}},"12":{"start":{"line":32,"column":17},"end":{"line":32,"column":56}},"13":{"start":{"line":33,"column":15},"end":{"line":33,"column":56}},"14":{"start":{"line":34,"column":16},"end":{"line":34,"column":59}},"15":{"start":{"line":36,"column":2},"end":{"line":57,"column":3}},"16":{"start":{"line":37,"column":37},"end":{"line":42,"column":6}},"17":{"start":{"line":44,"column":4},"end":{"line":51,"column":6}},"18":{"start":{"line":53,"column":4},"end":{"line":56,"column":6}},"19":{"start":{"line":66,"column":2},"end":{"line":73,"column":3}},"20":{"start":{"line":67,"column":4},"end":{"line":67,"column":30}},"21":{"start":{"line":69,"column":4},"end":{"line":72,"column":6}},"22":{"start":{"line":77,"column":15},"end":{"line":77,"column":35}},"23":{"start":{"line":78,"column":21},"end":{"line":78,"column":60}},"24":{"start":{"line":80,"column":2},"end":{"line":88,"column":3}},"25":{"start":{"line":81,"column":4},"end":{"line":87,"column":6}},"26":{"start":{"line":90,"column":2},"end":{"line":113,"column":3}},"27":{"start":{"line":91,"column":21},"end":{"line":91,"column":69}},"28":{"start":{"line":92,"column":20},"end":{"line":92,"column":49}},"29":{"start":{"line":93,"column":4},"end":{"line":100,"column":6}},"30":{"start":{"line":102,"column":4},"end":{"line":108,"column":5}},"31":{"start":{"line":103,"column":6},"end":{"line":107,"column":8}},"32":{"start":{"line":109,"column":4},"end":{"line":112,"column":6}}},"fnMap":{"0":{"name":"GET","decl":{"start":{"line":20,"column":15},"end":{"line":20,"column":18}},"loc":{"start":{"line":20,"column":35},"end":{"line":58,"column":1}}},"1":{"name":"POST","decl":{"start":{"line":65,"column":15},"end":{"line":65,"column":19}},"loc":{"start":{"line":65,"column":36},"end":{"line":114,"column":1}}}},"branchMap":{"0":{"loc":{"start":{"line":31,"column":16},"end":{"line":31,"column":54}},"type":"binary-expr","locations":[{"start":{"line":31,"column":16},"end":{"line":31,"column":41}},{"start":{"line":31,"column":45},"end":{"line":31,"column":54}}]},"1":{"loc":{"start":{"line":32,"column":17},"end":{"line":32,"column":56}},"type":"binary-expr","locations":[{"start":{"line":32,"column":17},"end":{"line":32,"column":43}},{"start":{"line":32,"column":47},"end":{"line":32,"column":56}}]},"2":{"loc":{"start":{"line":33,"column":24},"end":{"line":33,"column":55}},"type":"binary-expr","locations":[{"start":{"line":33,"column":24},"end":{"line":33,"column":48}},{"start":{"line":33,"column":52},"end":{"line":33,"column":55}}]},"3":{"loc":{"start":{"line":34,"column":25},"end":{"line":34,"column":58}},"type":"binary-expr","locations":[{"start":{"line":34,"column":25},"end":{"line":34,"column":50}},{"start":{"line":34,"column":54},"end":{"line":34,"column":58}}]},"4":{"loc":{"start":{"line":80,"column":2},"end":{"line":88,"column":3}},"type":"if","locations":[{"start":{"line":80,"column":2},"end":{"line":88,"column":3}},{"start":{},"end":{}}]},"5":{"loc":{"start":{"line":102,"column":4},"end":{"line":108,"column":5}},"type":"if","locations":[{"start":{"line":102,"column":4},"end":{"line":108,"column":5}},{"start":{},"end":{}}]}},"s":{"0":0,"1":0,"2":0,"3":0,"4":0,"5":0,"6":0,"7":0,"8":0,"9":0,"10":0,"11":0,"12":0,"13":0,"14":0,"15":0,"16":0,"17":0,"18":0,"19":0,"20":0,"21":0,"22":0,"23":0,"24":0,"25":0,"26":0,"27":0,"28":0,"29":0,"30":0,"31":0,"32":0},"f":{"0":0,"1":0},"b":{"0":[0,0],"1":[0,0],"2":[0,0],"3":[0,0],"4":[0,0],"5":[0,0]}}
,"/Users/amormiovelasquez/Desktop/cses_dev/lims-lab-inventory/app/api/listings/[id]/route.ts": {"path":"/Users/amormiovelasquez/Desktop/cses_dev/lims-lab-inventory/app/api/listings/[id]/route.ts","statementMap":{"0":{"start":{"line":203,"column":9},"end":{"line":203,"column":12}},"1":{"start":{"line":203,"column":14},"end":{"line":203,"column":17}},"2":{"start":{"line":203,"column":19},"end":{"line":203,"column":25}},"3":{"start":{"line":1,"column":0},"end":{"line":1,"column":43}},"4":{"start":{"line":2,"column":0},"end":{"line":2,"column":51}},"5":{"start":{"line":3,"column":0},"end":{"line":3,"column":24}},"6":{"start":{"line":4,"column":0},"end":{"line":4,"column":null}},"7":{"start":{"line":11,"column":23},"end":{"line":13,"column":57}},"8":{"start":{"line":14,"column":32},"end":{"line":19,"column":2}},"9":{"start":{"line":28,"column":2},"end":{"line":35,"column":3}},"10":{"start":{"line":29,"column":4},"end":{"line":29,"column":30}},"11":{"start":{"line":31,"column":4},"end":{"line":34,"column":6}},"12":{"start":{"line":37,"column":19},"end":{"line":37,"column":54}},"13":{"start":{"line":38,"column":2},"end":{"line":46,"column":3}},"14":{"start":{"line":39,"column":4},"end":{"line":45,"column":6}},"15":{"start":{"line":48,"column":2},"end":{"line":62,"column":3}},"16":{"start":{"line":49,"column":20},"end":{"line":49,"column":51}},"17":{"start":{"line":50,"column":4},"end":{"line":55,"column":5}},"18":{"start":{"line":51,"column":6},"end":{"line":54,"column":8}},"19":{"start":{"line":56,"column":4},"end":{"line":56,"column":80}},"20":{"start":{"line":58,"column":4},"end":{"line":61,"column":6}},"21":{"start":{"line":71,"column":2},"end":{"line":78,"column":3}},"22":{"start":{"line":72,"column":4},"end":{"line":72,"column":30}},"23":{"start":{"line":74,"column":4},"end":{"line":77,"column":6}},"24":{"start":{"line":80,"column":19},"end":{"line":80,"column":54}},"25":{"start":{"line":81,"column":2},"end":{"line":89,"column":3}},"26":{"start":{"line":82,"column":4},"end":{"line":88,"column":6}},"27":{"start":{"line":91,"column":15},"end":{"line":91,"column":35}},"28":{"start":{"line":93,"column":20},"end":{"line":96,"column":4}},"29":{"start":{"line":98,"column":24},"end":{"line":101,"column":4}},"30":{"start":{"line":102,"column":2},"end":{"line":110,"column":3}},"31":{"start":{"line":103,"column":4},"end":{"line":109,"column":6}},"32":{"start":{"line":112,"column":2},"end":{"line":142,"column":3}},"33":{"start":{"line":113,"column":27},"end":{"line":115,"column":null}},"34":{"start":{"line":117,"column":4},"end":{"line":125,"column":5}},"35":{"start":{"line":118,"column":6},"end":{"line":124,"column":8}},"36":{"start":{"line":126,"column":4},"end":{"line":133,"column":6}},"37":{"start":{"line":135,"column":4},"end":{"line":141,"column":6}},"38":{"start":{"line":154,"column":2},"end":{"line":161,"column":3}},"39":{"start":{"line":155,"column":4},"end":{"line":155,"column":30}},"40":{"start":{"line":157,"column":4},"end":{"line":160,"column":6}},"41":{"start":{"line":163,"column":19},"end":{"line":163,"column":54}},"42":{"start":{"line":164,"column":2},"end":{"line":172,"column":3}},"43":{"start":{"line":165,"column":4},"end":{"line":171,"column":6}},"44":{"start":{"line":174,"column":2},"end":{"line":200,"column":3}},"45":{"start":{"line":175,"column":20},"end":{"line":175,"column":54}},"46":{"start":{"line":176,"column":4},"end":{"line":184,"column":5}},"47":{"start":{"line":177,"column":6},"end":{"line":183,"column":8}},"48":{"start":{"line":185,"column":4},"end":{"line":191,"column":6}},"49":{"start":{"line":193,"column":4},"end":{"line":199,"column":6}}},"fnMap":{"0":{"name":"GET","decl":{"start":{"line":27,"column":15},"end":{"line":27,"column":18}},"loc":{"start":{"line":27,"column":75},"end":{"line":63,"column":1}}},"1":{"name":"PUT","decl":{"start":{"line":70,"column":15},"end":{"line":70,"column":18}},"loc":{"start":{"line":70,"column":75},"end":{"line":143,"column":1}}},"2":{"name":"DELETE","decl":{"start":{"line":150,"column":15},"end":{"line":150,"column":21}},"loc":{"start":{"line":152,"column":40},"end":{"line":201,"column":1}}}},"branchMap":{"0":{"loc":{"start":{"line":38,"column":2},"end":{"line":46,"column":3}},"type":"if","locations":[{"start":{"line":38,"column":2},"end":{"line":46,"column":3}},{"start":{},"end":{}}]},"1":{"loc":{"start":{"line":50,"column":4},"end":{"line":55,"column":5}},"type":"if","locations":[{"start":{"line":50,"column":4},"end":{"line":55,"column":5}},{"start":{},"end":{}}]},"2":{"loc":{"start":{"line":81,"column":2},"end":{"line":89,"column":3}},"type":"if","locations":[{"start":{"line":81,"column":2},"end":{"line":89,"column":3}},{"start":{},"end":{}}]},"3":{"loc":{"start":{"line":102,"column":2},"end":{"line":110,"column":3}},"type":"if","locations":[{"start":{"line":102,"column":2},"end":{"line":110,"column":3}},{"start":{},"end":{}}]},"4":{"loc":{"start":{"line":117,"column":4},"end":{"line":125,"column":5}},"type":"if","locations":[{"start":{"line":117,"column":4},"end":{"line":125,"column":5}},{"start":{},"end":{}}]},"5":{"loc":{"start":{"line":164,"column":2},"end":{"line":172,"column":3}},"type":"if","locations":[{"start":{"line":164,"column":2},"end":{"line":172,"column":3}},{"start":{},"end":{}}]},"6":{"loc":{"start":{"line":176,"column":4},"end":{"line":184,"column":5}},"type":"if","locations":[{"start":{"line":176,"column":4},"end":{"line":184,"column":5}},{"start":{},"end":{}}]}},"s":{"0":0,"1":0,"2":0,"3":0,"4":0,"5":0,"6":0,"7":0,"8":0,"9":0,"10":0,"11":0,"12":0,"13":0,"14":0,"15":0,"16":0,"17":0,"18":0,"19":0,"20":0,"21":0,"22":0,"23":0,"24":0,"25":0,"26":0,"27":0,"28":0,"29":0,"30":0,"31":0,"32":0,"33":0,"34":0,"35":0,"36":0,"37":0,"38":0,"39":0,"40":0,"41":0,"42":0,"43":0,"44":0,"45":0,"46":0,"47":0,"48":0,"49":0},"f":{"0":0,"1":0,"2":0},"b":{"0":[0,0],"1":[0,0],"2":[0,0],"3":[0,0],"4":[0,0],"5":[0,0],"6":[0,0]}}
,"/Users/amormiovelasquez/Desktop/cses_dev/lims-lab-inventory/services/listings/listings.ts": {"path":"/Users/amormiovelasquez/Desktop/cses_dev/lims-lab-inventory/services/listings/listings.ts","statementMap":{"0":{"start":{"line":113,"column":2},"end":{"line":113,"column":21}},"1":{"start":{"line":114,"column":2},"end":{"line":114,"column":12}},"2":{"start":{"line":115,"column":2},"end":{"line":115,"column":12}},"3":{"start":{"line":116,"column":2},"end":{"line":116,"column":15}},"4":{"start":{"line":117,"column":2},"end":{"line":117,"column":15}},"5":{"start":{"line":2,"column":0},"end":{"line":2,"column":71}},"6":{"start":{"line":5,"column":18},"end":{"line":5,"column":76}},"7":{"start":{"line":5,"column":53},"end":{"line":5,"column":76}},"8":{"start":{"line":19,"column":19},"end":{"line":19,"column":51}},"9":{"start":{"line":20,"column":2},"end":{"line":20,"column":55}},"10":{"start":{"line":20,"column":35},"end":{"line":20,"column":53}},"11":{"start":{"line":33,"column":21},"end":{"line":33,"column":23}},"12":{"start":{"line":34,"column":2},"end":{"line":34,"column":33}},"13":{"start":{"line":34,"column":13},"end":{"line":34,"column":33}},"14":{"start":{"line":35,"column":2},"end":{"line":35,"column":36}},"15":{"start":{"line":35,"column":14},"end":{"line":35,"column":36}},"16":{"start":{"line":37,"column":20},"end":{"line":37,"column":22}},"17":{"start":{"line":38,"column":20},"end":{"line":38,"column":54}},"18":{"start":{"line":40,"column":4},"end":{"line":40,"column":63}},"19":{"start":{"line":41,"column":15},"end":{"line":41,"column":38}},"20":{"start":{"line":43,"column":28},"end":{"line":50,"column":4}},"21":{"start":{"line":52,"column":2},"end":{"line":60,"column":4}},"22":{"start":{"line":53,"column":40},"end":{"line":53,"column":58}},"23":{"start":{"line":69,"column":18},"end":{"line":69,"column":56}},"24":{"start":{"line":70,"column":2},"end":{"line":70,"column":45}},"25":{"start":{"line":79,"column":25},"end":{"line":79,"column":62}},"26":{"start":{"line":80,"column":2},"end":{"line":80,"column":35}},"27":{"start":{"line":93,"column":25},"end":{"line":96,"column":11}},"28":{"start":{"line":97,"column":2},"end":{"line":97,"column":59}},"29":{"start":{"line":108,"column":18},"end":{"line":108,"column":65}},"30":{"start":{"line":109,"column":2},"end":{"line":109,"column":26}}},"fnMap":{"0":{"name":"(anonymous_1)","decl":{"start":{"line":5,"column":18},"end":{"line":5,"column":19}},"loc":{"start":{"line":5,"column":53},"end":{"line":5,"column":76}}},"1":{"name":"getListings","decl":{"start":{"line":18,"column":15},"end":{"line":18,"column":26}},"loc":{"start":{"line":18,"column":26},"end":{"line":21,"column":1}}},"2":{"name":"(anonymous_3)","decl":{"start":{"line":20,"column":22},"end":{"line":20,"column":23}},"loc":{"start":{"line":20,"column":35},"end":{"line":20,"column":53}}},"3":{"name":"getFilteredListings","decl":{"start":{"line":27,"column":15},"end":{"line":27,"column":34}},"loc":{"start":{"line":32,"column":15},"end":{"line":61,"column":1}}},"4":{"name":"(anonymous_5)","decl":{"start":{"line":53,"column":27},"end":{"line":53,"column":28}},"loc":{"start":{"line":53,"column":40},"end":{"line":53,"column":58}}},"5":{"name":"getListing","decl":{"start":{"line":68,"column":15},"end":{"line":68,"column":25}},"loc":{"start":{"line":68,"column":36},"end":{"line":71,"column":1}}},"6":{"name":"addListing","decl":{"start":{"line":78,"column":15},"end":{"line":78,"column":25}},"loc":{"start":{"line":78,"column":50},"end":{"line":81,"column":1}}},"7":{"name":"updateListing","decl":{"start":{"line":89,"column":15},"end":{"line":89,"column":28}},"loc":{"start":{"line":91,"column":29},"end":{"line":98,"column":1}}},"8":{"name":"deleteListing","decl":{"start":{"line":107,"column":15},"end":{"line":107,"column":28}},"loc":{"start":{"line":107,"column":39},"end":{"line":110,"column":1}}}},"branchMap":{"0":{"loc":{"start":{"line":34,"column":2},"end":{"line":34,"column":33}},"type":"if","locations":[{"start":{"line":34,"column":2},"end":{"line":34,"column":33}},{"start":{},"end":{}}]},"1":{"loc":{"start":{"line":35,"column":2},"end":{"line":35,"column":36}},"type":"if","locations":[{"start":{"line":35,"column":2},"end":{"line":35,"column":36}},{"start":{},"end":{}}]},"2":{"loc":{"start":{"line":38,"column":20},"end":{"line":38,"column":54}},"type":"cond-expr","locations":[{"start":{"line":38,"column":46},"end":{"line":38,"column":47}},{"start":{"line":38,"column":50},"end":{"line":38,"column":54}}]},"3":{"loc":{"start":{"line":38,"column":20},"end":{"line":38,"column":43}},"type":"binary-expr","locations":[{"start":{"line":38,"column":20},"end":{"line":38,"column":31}},{"start":{"line":38,"column":35},"end":{"line":38,"column":43}}]},"4":{"loc":{"start":{"line":40,"column":4},"end":{"line":40,"column":63}},"type":"cond-expr","locations":[{"start":{"line":40,"column":32},"end":{"line":40,"column":34}},{"start":{"line":40,"column":37},"end":{"line":40,"column":63}}]},"5":{"loc":{"start":{"line":40,"column":4},"end":{"line":40,"column":29}},"type":"binary-expr","locations":[{"start":{"line":40,"column":4},"end":{"line":40,"column":16}},{"start":{"line":40,"column":20},"end":{"line":40,"column":29}}]},"6":{"loc":{"start":{"line":70,"column":9},"end":{"line":70,"column":44}},"type":"cond-expr","locations":[{"start":{"line":70,"column":19},"end":{"line":70,"column":37}},{"start":{"line":70,"column":40},"end":{"line":70,"column":44}}]},"7":{"loc":{"start":{"line":97,"column":9},"end":{"line":97,"column":58}},"type":"cond-expr","locations":[{"start":{"line":97,"column":26},"end":{"line":97,"column":51}},{"start":{"line":97,"column":54},"end":{"line":97,"column":58}}]}},"s":{"0":0,"1":0,"2":0,"3":0,"4":0,"5":0,"6":0,"7":0,"8":0,"9":0,"10":0,"11":0,"12":0,"13":0,"14":0,"15":0,"16":0,"17":0,"18":0,"19":0,"20":0,"21":0,"22":0,"23":0,"24":0,"25":0,"26":0,"27":0,"28":0,"29":0,"30":0},"f":{"0":0,"1":0,"2":0,"3":0,"4":0,"5":0,"6":0,"7":0,"8":0},"b":{"0":[0,0],"1":[0,0],"2":[0,0],"3":[0,0],"4":[0,0],"5":[0,0],"6":[0,0],"7":[0,0]}}
}
