TN:
SF:app/api/listings/route.ts
FN:20,GET
FN:65,POST
FNF:2
FNH:0
FNDA:0,GET
FNDA:0,POST
DA:1,0
DA:2,0
DA:3,0
DA:4,0
DA:7,0
DA:21,0
DA:22,0
DA:24,0
DA:30,0
DA:31,0
DA:32,0
DA:33,0
DA:34,0
DA:36,0
DA:37,0
DA:44,0
DA:53,0
DA:66,0
DA:67,0
DA:69,0
DA:77,0
DA:78,0
DA:80,0
DA:81,0
DA:90,0
DA:91,0
DA:92,0
DA:93,0
DA:102,0
DA:103,0
DA:109,0
DA:116,0
LF:32
LH:0
BRDA:31,0,0,0
BRDA:31,0,1,0
BRDA:32,1,0,0
BRDA:32,1,1,0
BRDA:33,2,0,0
BRDA:33,2,1,0
BRDA:34,3,0,0
BRDA:34,3,1,0
BRDA:80,4,0,0
BRDA:80,4,1,0
BRDA:102,5,0,0
BRDA:102,5,1,0
BRF:12
BRH:0
end_of_record
TN:
SF:app/api/listings/[id]/route.ts
FN:27,GET
FN:70,PUT
FN:150,DELETE
FNF:3
FNH:0
FNDA:0,GET
FNDA:0,PUT
FNDA:0,DELETE
DA:1,0
DA:2,0
DA:3,0
DA:4,0
DA:11,0
DA:14,0
DA:28,0
DA:29,0
DA:31,0
DA:37,0
DA:38,0
DA:39,0
DA:48,0
DA:49,0
DA:50,0
DA:51,0
DA:56,0
DA:58,0
DA:71,0
DA:72,0
DA:74,0
DA:80,0
DA:81,0
DA:82,0
DA:91,0
DA:93,0
DA:98,0
DA:102,0
DA:103,0
DA:112,0
DA:113,0
DA:117,0
DA:118,0
DA:126,0
DA:135,0
DA:154,0
DA:155,0
DA:157,0
DA:163,0
DA:164,0
DA:165,0
DA:174,0
DA:175,0
DA:176,0
DA:177,0
DA:185,0
DA:193,0
DA:203,0
LF:48
LH:0
BRDA:38,0,0,0
BRDA:38,0,1,0
BRDA:50,1,0,0
BRDA:50,1,1,0
BRDA:81,2,0,0
BRDA:81,2,1,0
BRDA:102,3,0,0
BRDA:102,3,1,0
BRDA:117,4,0,0
BRDA:117,4,1,0
BRDA:164,5,0,0
BRDA:164,5,1,0
BRDA:176,6,0,0
BRDA:176,6,1,0
BRF:14
BRH:0
end_of_record
TN:
SF:services/listings/listings.ts
FN:5,(anonymous_1)
FN:18,getListings
FN:20,(anonymous_3)
FN:27,getFilteredListings
FN:53,(anonymous_5)
FN:68,getListing
FN:78,addListing
FN:89,updateListing
FN:107,deleteListing
FNF:9
FNH:0
FNDA:0,(anonymous_1)
FNDA:0,getListings
FNDA:0,(anonymous_3)
FNDA:0,getFilteredListings
FNDA:0,(anonymous_5)
FNDA:0,getListing
FNDA:0,addListing
FNDA:0,updateListing
FNDA:0,deleteListing
DA:2,0
DA:5,0
DA:19,0
DA:20,0
DA:33,0
DA:34,0
DA:35,0
DA:37,0
DA:38,0
DA:40,0
DA:41,0
DA:43,0
DA:52,0
DA:53,0
DA:69,0
DA:70,0
DA:79,0
DA:80,0
DA:93,0
DA:97,0
DA:108,0
DA:109,0
DA:113,0
DA:114,0
DA:115,0
DA:116,0
DA:117,0
LF:27
LH:0
BRDA:34,0,0,0
BRDA:34,0,1,0
BRDA:35,1,0,0
BRDA:35,1,1,0
BRDA:38,2,0,0
BRDA:38,2,1,0
BRDA:38,3,0,0
BRDA:38,3,1,0
BRDA:40,4,0,0
BRDA:40,4,1,0
BRDA:40,5,0,0
BRDA:40,5,1,0
BRDA:70,6,0,0
BRDA:70,6,1,0
BRDA:97,7,0,0
BRDA:97,7,1,0
BRF:16
BRH:0
end_of_record
